<?xml version="1.0" encoding="UTF-8" ?>
<testsuite tests="106" failures="0" name="runners.TestRunner" time="0.008" errors="0" skipped="0">
  <properties>
[...]
</properties>
  <testcase classname="Scenario: Drop down Position menu options" name="Given user open the browser" time="0.002"/>
  <testcase classname="Scenario: Drop down Position menu options" name="When user go to Skill Matrix page" time="0"/>
  <testcase classname="Scenario: Drop down Position menu options" name="And user click on the Position drop down menu" time="0"/>
  <testcase classname="Scenario: Drop down Position menu options" name="Then the listed &quot;Position&quot; options should be" time="0"/>
  <testcase classname="Scenario: Drop down Position menu options" name="And close the browser" time="0"/>
  <testcase classname="Scenario: Drop down Position menu options" name="Scenario: Drop down Position menu options" time="0"/>
  <testcase classname="Scenario: Drop down Location menu options" name="Given user open the browser" time="0"/>
  <testcase classname="Scenario: Drop down Location menu options" name="When user go to Skill Matrix page" time="0"/>
  <testcase classname="Scenario: Drop down Location menu options" name="And user click on the Location drop down menu" time="0"/>
  <testcase classname="Scenario: Drop down Location menu options" name="Then the listed &quot;Location&quot; options should be" time="0"/>
  <testcase classname="Scenario: Drop down Location menu options" name="And close the browser" time="0"/>
  <testcase classname="Scenario: Drop down Location menu options" name="Scenario: Drop down Location menu options" time="0"/>
  <testcase classname="Scenario: Drop down Status menu options" name="Given user open the browser" time="0"/>
  <testcase classname="Scenario: Drop down Status menu options" name="When user go to Skill Matrix page" time="0"/>
  <testcase classname="Scenario: Drop down Status menu options" name="And user click on the Status drop down menu" time="0"/>
  <testcase classname="Scenario: Drop down Status menu options" name="Then the listed &quot;Status&quot; options should be" time="0"/>
  <testcase classname="Scenario: Drop down Status menu options" name="And close the browser" time="0"/>
  <testcase classname="Scenario: Drop down Status menu options" name="Scenario: Drop down Status menu options" time="0.001"/>
  <testcase classname="Scenario: Drop down Proficiency level menu options" name="Given user open the browser" time="0"/>
  <testcase classname="Scenario: Drop down Proficiency level menu options" name="When user go to Skill Matrix page" time="0"/>
  <testcase classname="Scenario: Drop down Proficiency level menu options" name="And user click on the Proficiency Level drop down menu" time="0"/>
  <testcase classname="Scenario: Drop down Proficiency level menu options" name="Then the listed &quot;Proficiency Level&quot; options should be" time="0"/>
  <testcase classname="Scenario: Drop down Proficiency level menu options" name="And close the browser" time="0"/>
  <testcase classname="Scenario: Drop down Proficiency level menu options" name="Scenario: Drop down Proficiency level menu options" time="0"/>
  <testcase classname="Scenario: Drop down Rank menu options" name="Given user open the browser" time="0"/>
  <testcase classname="Scenario: Drop down Rank menu options" name="When user go to Skill Matrix page" time="0"/>
  <testcase classname="Scenario: Drop down Rank menu options" name="And user click on the Rank drop down menu" time="0"/>
  <testcase classname="Scenario: Drop down Rank menu options" name="Then the listed &quot;Rank&quot; options should be" time="0"/>
  <testcase classname="Scenario: Drop down Rank menu options" name="And close the browser" time="0"/>
  <testcase classname="Scenario: Drop down Rank menu options" name="Scenario: Drop down Rank menu options" time="0"/>
  <testcase classname="| Developer | Developer |" name="Given user open the browser" time="0"/>
  <testcase classname="| Developer | Developer |" name="When user go to Skill Matrix page" time="0"/>
  <testcase classname="| Developer | Developer |" name="And user click on the Position drop down menu" time="0"/>
  <testcase classname="| Developer | Developer |" name="When user choose Developer from drop down menu" time="0"/>
  <testcase classname="| Developer | Developer |" name="And user click on the search button" time="0"/>
  <testcase classname="| Developer | Developer |" name="Then position of all employees in the table should be Developer" time="0"/>
  <testcase classname="| Developer | Developer |" name="And close the browser" time="0"/>
  <testcase classname="| Developer | Developer |" name="| Developer | Developer |" time="0.001"/>
  <testcase classname="| QA | QA |" name="Given user open the browser" time="0"/>
  <testcase classname="| QA | QA |" name="When user go to Skill Matrix page" time="0"/>
  <testcase classname="| QA | QA |" name="And user click on the Position drop down menu" time="0"/>
  <testcase classname="| QA | QA |" name="When user choose QA from drop down menu" time="0"/>
  <testcase classname="| QA | QA |" name="And user click on the search button" time="0"/>
  <testcase classname="| QA | QA |" name="Then position of all employees in the table should be QA" time="0"/>
  <testcase classname="| QA | QA |" name="And close the browser" time="0"/>
  <testcase classname="| QA | QA |" name="| QA | QA |" time="0.001"/>
  <testcase classname="| Delivery Director | Delivery Director |" name="Given user open the browser" time="0"/>
  <testcase classname="| Delivery Director | Delivery Director |" name="When user go to Skill Matrix page" time="0"/>
  <testcase classname="| Delivery Director | Delivery Director |" name="And user click on the Position drop down menu" time="0"/>
  <testcase classname="| Delivery Director | Delivery Director |" name="When user choose Delivery Director from drop down menu" time="0"/>
  <testcase classname="| Delivery Director | Delivery Director |" name="And user click on the search button" time="0"/>
  <testcase classname="| Delivery Director | Delivery Director |" name="Then position of all employees in the table should be Delivery Director" time="0"/>
  <testcase classname="| Delivery Director | Delivery Director |" name="And close the browser" time="0"/>
  <testcase classname="| Delivery Director | Delivery Director |" name="| Delivery Director | Delivery Director |" time="0.001"/>
  <testcase classname="| HR | No records found. |" name="Given user open the browser" time="0"/>
  <testcase classname="| HR | No records found. |" name="When user go to Skill Matrix page" time="0"/>
  <testcase classname="| HR | No records found. |" name="And user click on the Position drop down menu" time="0"/>
  <testcase classname="| HR | No records found. |" name="When user choose HR from drop down menu" time="0"/>
  <testcase classname="| HR | No records found. |" name="And user click on the search button" time="0"/>
  <testcase classname="| HR | No records found. |" name="Then position of all employees in the table should be No records found." time="0"/>
  <testcase classname="| HR | No records found. |" name="And close the browser" time="0"/>
  <testcase classname="| HR | No records found. |" name="| HR | No records found. |" time="0"/>
  <testcase classname="| CTO | CTO |" name="Given user open the browser" time="0"/>
  <testcase classname="| CTO | CTO |" name="When user go to Skill Matrix page" time="0"/>
  <testcase classname="| CTO | CTO |" name="And user click on the Position drop down menu" time="0"/>
  <testcase classname="| CTO | CTO |" name="When user choose CTO from drop down menu" time="0"/>
  <testcase classname="| CTO | CTO |" name="And user click on the search button" time="0.001"/>
  <testcase classname="| CTO | CTO |" name="Then position of all employees in the table should be CTO" time="0"/>
  <testcase classname="| CTO | CTO |" name="And close the browser" time="0"/>
  <testcase classname="| CTO | CTO |" name="| CTO | CTO |" time="0"/>
  <testcase classname="Scenario: Search for employee by name" name="Given user open the browser" time="0"/>
  <testcase classname="Scenario: Search for employee by name" name="And user go to Current employees page" time="0"/>
  <testcase classname="Scenario: Search for employee by name" name="And type &quot;Anton Rusanov&quot; in the Full name search field" time="0"/>
  <testcase classname="Scenario: Search for employee by name" name="And result in the Employees table for Full Name should be &quot;Anton Rusanov&quot;" time="0"/>
  <testcase classname="Scenario: Search for employee by name" name="Then close the browser" time="0"/>
  <testcase classname="Scenario: Search for employee by name" name="Scenario: Search for employee by name" time="0.001"/>
  <testcase classname="Scenario: Search for employee by position" name="Given user open the browser" time="0"/>
  <testcase classname="Scenario: Search for employee by position" name="And user go to Current employees page" time="0"/>
  <testcase classname="Scenario: Search for employee by position" name="And type &quot;Developer&quot; in the Position search field" time="0"/>
  <testcase classname="Scenario: Search for employee by position" name="And result in the Employees table for Position should be &quot;Developer&quot;" time="0"/>
  <testcase classname="Scenario: Search for employee by position" name="Then close the browser" time="0"/>
  <testcase classname="Scenario: Search for employee by position" name="Scenario: Search for employee by position" time="0"/>
  <testcase classname="Scenario: " name="Given user open the browser" time="0"/>
  <testcase classname="Scenario: " name="And user go to Current employees page" time="0"/>
  <testcase classname="Scenario: " name="And type &quot;Sofia&quot; in the Location search field" time="0"/>
  <testcase classname="Scenario: " name="And result in the Employees table for Location should be &quot;Sofia&quot;" time="0"/>
  <testcase classname="Scenario: " name="Then close the browser" time="0"/>
  <testcase classname="Scenario: " name="Scenario: " time="0"/>
  <testcase classname="Scenario: " name="Given user open the browser" time="0"/>
  <testcase classname="Scenario: " name="And user go to Current employees page" time="0"/>
  <testcase classname="Scenario: " name="And type &quot;lower CL01&quot; in the Prof Level search field" time="0"/>
  <testcase classname="Scenario: " name="And result in the Employees table for Prof Level should be &quot;lower CL01&quot;" time="0"/>
  <testcase classname="Scenario: " name="Then close the browser" time="0"/>
  <testcase classname="Scenario: " name="Scenario: " time="0"/>
  <testcase classname="Scenario: " name="Given user open the browser" time="0"/>
  <testcase classname="Scenario: " name="And user go to Current employees page" time="0"/>
  <testcase classname="Scenario: " name="And type &quot;Permanent&quot; in the Contract Type search field" time="0"/>
  <testcase classname="Scenario: " name="And result in the Employees table for Contract Type should be &quot;Permanent&quot;" time="0"/>
  <testcase classname="Scenario: " name="Then close the browser" time="0"/>
  <testcase classname="Scenario: " name="Scenario: " time="0"/>
  <testcase classname="Scenario: " name="Given user open the browser" time="0"/>
  <testcase classname="Scenario: " name="And user go to Current employees page" time="0"/>
  <testcase classname="Scenario: " name="And type &quot;Employeed&quot; in the Status search field" time="0"/>
  <testcase classname="Scenario: " name="And result in the Employees table for Status should be &quot;Employeed&quot;" time="0"/>
  <testcase classname="Scenario: " name="Then close the browser" time="0"/>
  <testcase classname="Scenario: " name="Scenario: " time="0"/>
</testsuite>