<?xml version="1.0" encoding="UTF-8" ?>
<testsuite tests="75" failures="0" name="stepDefinition.TestRunner" time="0.01" errors="0" skipped="0">
  <properties>
[...]
</properties>
  <testcase classname="| banana | 2 | 1 | 2 |" name="Given the price of a banana is 2lv" time="0.002"/>
  <testcase classname="| banana | 2 | 1 | 2 |" name="When I checkout 1 banana" time="0.003"/>
  <testcase classname="| banana | 2 | 1 | 2 |" name="Then the total price should be 2" time="0"/>
  <testcase classname="| banana | 2 | 1 | 2 |" name="| banana | 2 | 1 | 2 |" time="0"/>
  <testcase classname="| orange | 2.5 | 2 | 5 |" name="Given the price of a orange is 2.5lv" time="0"/>
  <testcase classname="| orange | 2.5 | 2 | 5 |" name="When I checkout 2 orange" time="0"/>
  <testcase classname="| orange | 2.5 | 2 | 5 |" name="Then the total price should be 5" time="0"/>
  <testcase classname="| orange | 2.5 | 2 | 5 |" name="| orange | 2.5 | 2 | 5 |" time="0"/>
  <testcase classname="| apple | 0.70 | 3 | 2.1 |" name="Given the price of a apple is 0.70lv" time="0"/>
  <testcase classname="| apple | 0.70 | 3 | 2.1 |" name="When I checkout 3 apple" time="0"/>
  <testcase classname="| apple | 0.70 | 3 | 2.1 |" name="Then the total price should be 2.1" time="0"/>
  <testcase classname="| apple | 0.70 | 3 | 2.1 |" name="| apple | 0.70 | 3 | 2.1 |" time="0"/>
  <testcase classname="| banana | apple | 2 | 1 | 2 | 6 |" name="Given the price of a banana is 2lv" time="0"/>
  <testcase classname="| banana | apple | 2 | 1 | 2 | 6 |" name="And the price of a apple is 1lv" time="0"/>
  <testcase classname="| banana | apple | 2 | 1 | 2 | 6 |" name="And I checkout 2 banana" time="0"/>
  <testcase classname="| banana | apple | 2 | 1 | 2 | 6 |" name="And I checkout 2 apple" time="0"/>
  <testcase classname="| banana | apple | 2 | 1 | 2 | 6 |" name="Then the total price should be 6" time="0"/>
  <testcase classname="| banana | apple | 2 | 1 | 2 | 6 |" name="| banana | apple | 2 | 1 | 2 | 6 |" time="0"/>
  <testcase classname="| orange | banana | 2.5 | 2 | 5 | 22.5 |" name="Given the price of a orange is 2.5lv" time="0"/>
  <testcase classname="| orange | banana | 2.5 | 2 | 5 | 22.5 |" name="And the price of a banana is 2lv" time="0"/>
  <testcase classname="| orange | banana | 2.5 | 2 | 5 | 22.5 |" name="And I checkout 5 orange" time="0"/>
  <testcase classname="| orange | banana | 2.5 | 2 | 5 | 22.5 |" name="And I checkout 5 banana" time="0"/>
  <testcase classname="| orange | banana | 2.5 | 2 | 5 | 22.5 |" name="Then the total price should be 22.5" time="0"/>
  <testcase classname="| orange | banana | 2.5 | 2 | 5 | 22.5 |" name="| orange | banana | 2.5 | 2 | 5 | 22.5 |" time="0"/>
  <testcase classname="| apple | orange | 0.70 | 3 | 3 | 11.1 |" name="Given the price of a apple is 0.70lv" time="0.001"/>
  <testcase classname="| apple | orange | 0.70 | 3 | 3 | 11.1 |" name="And the price of a orange is 3lv" time="0"/>
  <testcase classname="| apple | orange | 0.70 | 3 | 3 | 11.1 |" name="And I checkout 3 apple" time="0"/>
  <testcase classname="| apple | orange | 0.70 | 3 | 3 | 11.1 |" name="And I checkout 3 orange" time="0"/>
  <testcase classname="| apple | orange | 0.70 | 3 | 3 | 11.1 |" name="Then the total price should be 11.1" time="0"/>
  <testcase classname="| apple | orange | 0.70 | 3 | 3 | 11.1 |" name="| apple | orange | 0.70 | 3 | 3 | 11.1 |" time="0"/>
  <testcase classname="Scenario: Search for employee by name" name="Given user open the browser" time="0.001"/>
  <testcase classname="Scenario: Search for employee by name" name="And user go to Current employees page" time="0"/>
  <testcase classname="Scenario: Search for employee by name" name="And type &quot;Anton Rusanov&quot; in the Full name search field" time="0"/>
  <testcase classname="Scenario: Search for employee by name" name="And result in the Employees table should be &quot;Anton Rusanov&quot;" time="0"/>
  <testcase classname="Scenario: Search for employee by name" name="Then close the browser" time="0"/>
  <testcase classname="Scenario: Search for employee by name" name="Scenario: Search for employee by name" time="0"/>
  <testcase classname="Scenario: Search for employee by position" name="Given user open the browser" time="0"/>
  <testcase classname="Scenario: Search for employee by position" name="And user go to Current employees page" time="0"/>
  <testcase classname="Scenario: Search for employee by position" name="And type &quot;Developer&quot; in the Position search field" time="0.001"/>
  <testcase classname="Scenario: Search for employee by position" name="And result in the Employys table should be &quot;Developer&quot;" time="0"/>
  <testcase classname="Scenario: Search for employee by position" name="Then close the browser" time="0"/>
  <testcase classname="Scenario: Search for employee by position" name="Scenario: Search for employee by position" time="0.001"/>
  <testcase classname="Scenario: add a Company" name="Given user open the browser" time="0"/>
  <testcase classname="Scenario: add a Company" name="Given user is on the Company page" time="0"/>
  <testcase classname="Scenario: add a Company" name="And click on create button" time="0"/>
  <testcase classname="Scenario: add a Company" name="When user enter a valid data" time="0"/>
  <testcase classname="Scenario: add a Company" name="And click on save button" time="0"/>
  <testcase classname="Scenario: add a Company" name="Then new company &quot;Ozone&quot; should be saved and listed" time="0"/>
  <testcase classname="Scenario: add a Company" name="And close the browser" time="0"/>
  <testcase classname="Scenario: add a Company" name="Scenario: add a Company" time="0"/>
  <testcase classname="| 500 | 50 | 450 | receive 50 |" name="Given my bank account balance is 500" time="0"/>
  <testcase classname="| 500 | 50 | 450 | receive 50 |" name="When I want to withdraw 50" time="0"/>
  <testcase classname="| 500 | 50 | 450 | receive 50 |" name="Then I should receive receive 50" time="0"/>
  <testcase classname="| 500 | 50 | 450 | receive 50 |" name="And my balance should be 450" time="0"/>
  <testcase classname="| 500 | 50 | 450 | receive 50 |" name="| 500 | 50 | 450 | receive 50 |" time="0"/>
  <testcase classname="| 500 | 100 | 400 | receive 100 |" name="Given my bank account balance is 500" time="0"/>
  <testcase classname="| 500 | 100 | 400 | receive 100 |" name="When I want to withdraw 100" time="0"/>
  <testcase classname="| 500 | 100 | 400 | receive 100 |" name="Then I should receive receive 100" time="0"/>
  <testcase classname="| 500 | 100 | 400 | receive 100 |" name="And my balance should be 400" time="0"/>
  <testcase classname="| 500 | 100 | 400 | receive 100 |" name="| 500 | 100 | 400 | receive 100 |" time="0"/>
  <testcase classname="| 500 | 200 | 300 | receive 200 |" name="Given my bank account balance is 500" time="0.001"/>
  <testcase classname="| 500 | 200 | 300 | receive 200 |" name="When I want to withdraw 200" time="0"/>
  <testcase classname="| 500 | 200 | 300 | receive 200 |" name="Then I should receive receive 200" time="0"/>
  <testcase classname="| 500 | 200 | 300 | receive 200 |" name="And my balance should be 300" time="0"/>
  <testcase classname="| 500 | 200 | 300 | receive 200 |" name="| 500 | 200 | 300 | receive 200 |" time="0"/>
  <testcase classname="| 100 | 500 | 100 | an error message |" name="Given my bank account balance is 100" time="0"/>
  <testcase classname="| 100 | 500 | 100 | an error message |" name="When I want to withdraw 500" time="0"/>
  <testcase classname="| 100 | 500 | 100 | an error message |" name="Then I should receive an error message" time="0"/>
  <testcase classname="| 100 | 500 | 100 | an error message |" name="And my balance should be 100" time="0"/>
  <testcase classname="| 100 | 500 | 100 | an error message |" name="| 100 | 500 | 100 | an error message |" time="0"/>
  <testcase classname="| 50 | 100 | 50 | an error message |" name="Given my bank account balance is 50" time="0"/>
  <testcase classname="| 50 | 100 | 50 | an error message |" name="When I want to withdraw 100" time="0"/>
  <testcase classname="| 50 | 100 | 50 | an error message |" name="Then I should receive an error message" time="0"/>
  <testcase classname="| 50 | 100 | 50 | an error message |" name="And my balance should be 50" time="0"/>
  <testcase classname="| 50 | 100 | 50 | an error message |" name="| 50 | 100 | 50 | an error message |" time="0"/>
</testsuite>